TN:
SF:logger.js
FNF:0
FNH:0
DA:1,1
DA:3,1
LF:2
LH:2
BRF:0
BRH:0
end_of_record
TN:
SF:sinon-mongoose.js
FN:11,getMethodType
FN:16,chainMethod
FN:32,chain
FN:43,makeChainable
FN:46,(anonymous_4)
FN:55,makeChainableVerify
FN:57,chainedVerify
FN:67,mock
FN:83,sandboxMock
FNF:9
FNH:7
FNDA:3,getMethodType
FNDA:3,chainMethod
FNDA:0,chain
FNDA:3,makeChainable
FNDA:3,(anonymous_4)
FNDA:3,makeChainableVerify
FNDA:3,chainedVerify
FNDA:3,mock
FNDA:0,sandboxMock
DA:2,1
DA:3,1
DA:5,1
DA:12,3
DA:13,3
DA:18,3
DA:20,0
DA:21,0
DA:24,0
DA:25,0
DA:28,3
DA:29,3
DA:32,3
DA:33,0
DA:34,0
DA:35,0
DA:36,0
DA:37,0
DA:39,0
DA:44,3
DA:46,3
DA:47,3
DA:48,3
DA:49,3
DA:50,3
DA:51,3
DA:56,3
DA:58,3
DA:59,3
DA:60,0
DA:63,3
DA:66,1
DA:67,1
DA:68,3
DA:70,3
DA:75,3
DA:76,3
DA:78,3
DA:81,1
DA:84,0
DA:86,0
DA:91,0
DA:92,0
DA:95,0
DA:98,1
DA:99,0
LF:46
LH:29
BRDA:13,0,0,3
BRDA:13,0,1,3
BRDA:18,1,0,0
BRDA:18,1,1,0
BRDA:18,1,2,3
BRDA:47,2,0,3
BRDA:47,2,1,3
BRDA:59,3,0,0
BRDA:59,3,1,3
BRDA:70,4,0,3
BRDA:70,4,1,0
BRDA:71,5,0,3
BRDA:71,5,1,3
BRDA:71,5,2,2
BRDA:86,6,0,0
BRDA:86,6,1,0
BRDA:87,7,0,0
BRDA:87,7,1,0
BRDA:87,7,2,0
BRDA:98,8,0,0
BRDA:98,8,1,1
BRF:21
BRH:11
end_of_record
TN:
SF:User\controller\user.js
FN:23,(anonymous_0)
FN:65,(anonymous_1)
FN:86,(anonymous_2)
FN:90,(anonymous_3)
FN:99,(anonymous_4)
FN:132,(anonymous_5)
FN:136,(anonymous_6)
FN:145,(anonymous_7)
FNF:8
FNH:2
FNDA:1,(anonymous_0)
FNDA:1,(anonymous_1)
FNDA:0,(anonymous_2)
FNDA:0,(anonymous_3)
FNDA:0,(anonymous_4)
FNDA:0,(anonymous_5)
FNDA:0,(anonymous_6)
FNDA:0,(anonymous_7)
DA:1,1
DA:2,1
DA:23,1
DA:24,1
DA:25,1
DA:26,1
DA:27,0
DA:28,0
DA:33,1
DA:34,1
DA:65,1
DA:66,1
DA:67,1
DA:68,1
DA:69,1
DA:70,1
DA:72,0
DA:73,0
DA:76,1
DA:77,1
DA:86,1
DA:87,0
DA:88,0
DA:91,0
DA:92,0
DA:93,0
DA:95,0
DA:96,0
DA:100,0
DA:101,0
DA:132,1
DA:133,0
DA:134,0
DA:137,0
DA:138,0
DA:139,0
DA:141,0
DA:142,0
DA:146,0
DA:147,0
LF:40
LH:18
BRDA:68,0,0,1
BRDA:68,0,1,0
BRDA:91,1,0,0
BRDA:91,1,1,0
BRDA:137,2,0,0
BRDA:137,2,1,0
BRF:6
BRH:1
end_of_record
TN:
SF:User\model\user.js
FNF:0
FNH:0
DA:1,1
DA:3,1
DA:30,1
LF:3
LH:3
BRF:0
BRH:0
end_of_record
TN:
SF:User\routes\user.js
FNF:0
FNH:0
DA:1,1
DA:2,1
DA:4,1
DA:7,1
DA:9,1
DA:11,1
DA:13,1
DA:15,1
LF:8
LH:8
BRF:0
BRH:0
end_of_record
